mode: set
github.com/Alicey0719/kubecon-prac/controllers/nginx_controller.go:57.97,66.63 4 0
github.com/Alicey0719/kubecon-prac/controllers/nginx_controller.go:72.2,72.66 1 0
github.com/Alicey0719/kubecon-prac/controllers/nginx_controller.go:78.2,86.71 3 0
github.com/Alicey0719/kubecon-prac/controllers/nginx_controller.go:131.2,133.74 3 0
github.com/Alicey0719/kubecon-prac/controllers/nginx_controller.go:139.2,140.57 2 0
github.com/Alicey0719/kubecon-prac/controllers/nginx_controller.go:143.2,146.55 2 0
github.com/Alicey0719/kubecon-prac/controllers/nginx_controller.go:152.2,155.27 2 0
github.com/Alicey0719/kubecon-prac/controllers/nginx_controller.go:66.63,69.3 2 0
github.com/Alicey0719/kubecon-prac/controllers/nginx_controller.go:72.66,75.3 2 0
github.com/Alicey0719/kubecon-prac/controllers/nginx_controller.go:86.71,89.33 2 0
github.com/Alicey0719/kubecon-prac/controllers/nginx_controller.go:92.3,99.34 3 0
github.com/Alicey0719/kubecon-prac/controllers/nginx_controller.go:102.3,102.52 1 0
github.com/Alicey0719/kubecon-prac/controllers/nginx_controller.go:107.3,113.50 2 0
github.com/Alicey0719/kubecon-prac/controllers/nginx_controller.go:118.3,118.79 1 0
github.com/Alicey0719/kubecon-prac/controllers/nginx_controller.go:123.3,123.13 1 0
github.com/Alicey0719/kubecon-prac/controllers/nginx_controller.go:89.33,91.4 1 0
github.com/Alicey0719/kubecon-prac/controllers/nginx_controller.go:99.34,101.4 1 0
github.com/Alicey0719/kubecon-prac/controllers/nginx_controller.go:102.52,104.4 1 0
github.com/Alicey0719/kubecon-prac/controllers/nginx_controller.go:113.50,115.4 1 0
github.com/Alicey0719/kubecon-prac/controllers/nginx_controller.go:118.79,121.4 2 0
github.com/Alicey0719/kubecon-prac/controllers/nginx_controller.go:124.17,128.3 2 0
github.com/Alicey0719/kubecon-prac/controllers/nginx_controller.go:133.74,136.3 2 0
github.com/Alicey0719/kubecon-prac/controllers/nginx_controller.go:140.57,142.3 1 0
github.com/Alicey0719/kubecon-prac/controllers/nginx_controller.go:146.55,149.3 2 0
github.com/Alicey0719/kubecon-prac/controllers/nginx_controller.go:160.122,165.161 3 0
github.com/Alicey0719/kubecon-prac/controllers/nginx_controller.go:170.2,170.47 1 0
github.com/Alicey0719/kubecon-prac/controllers/nginx_controller.go:186.2,186.12 1 0
github.com/Alicey0719/kubecon-prac/controllers/nginx_controller.go:165.161,167.3 1 0
github.com/Alicey0719/kubecon-prac/controllers/nginx_controller.go:170.47,171.51 1 0
github.com/Alicey0719/kubecon-prac/controllers/nginx_controller.go:176.3,176.52 1 0
github.com/Alicey0719/kubecon-prac/controllers/nginx_controller.go:182.3,183.104 2 0
github.com/Alicey0719/kubecon-prac/controllers/nginx_controller.go:171.51,172.12 1 0
github.com/Alicey0719/kubecon-prac/controllers/nginx_controller.go:176.52,179.4 2 0
github.com/Alicey0719/kubecon-prac/controllers/nginx_controller.go:196.68,197.145 1 0
github.com/Alicey0719/kubecon-prac/controllers/nginx_controller.go:215.2,218.14 1 0
github.com/Alicey0719/kubecon-prac/controllers/nginx_controller.go:197.145,200.19 3 0
github.com/Alicey0719/kubecon-prac/controllers/nginx_controller.go:204.3,204.60 1 0
github.com/Alicey0719/kubecon-prac/controllers/nginx_controller.go:209.3,209.30 1 0
github.com/Alicey0719/kubecon-prac/controllers/nginx_controller.go:200.19,202.4 1 0
github.com/Alicey0719/kubecon-prac/controllers/nginx_controller.go:204.60,206.4 1 0
github.com/Alicey0719/kubecon-prac/controllers/nginx_controller.go:210.17,212.3 1 0
